  CellGrid.cpp
  CellPlacement.cpp
  Boundary.cpp
  Cell.cpp
  Empty.cpp
  Fire.cpp
  Flammable.cpp
  Fluid.cpp
  Lava.cpp
  Poison.cpp
  Powder.cpp
  Sand.cpp
  Smoke.cpp
  Steam.cpp
  Stone.cpp
  Water.cpp
LINK : warning LNK4098: defaultlib 'LIBCMT' conflicts with use of other libs; use /NODEFAULTLIB:library
  Generating code
  99 of 2457 functions ( 4.0%) were compiled, the rest were copied from previous compilation.
    0 functions were new in current compilation
    37 functions had inline decision re-evaluated but remain unchanged
  Finished generating code
glew32s.lib(glew.obj) : warning LNK4099: PDB '' was not found with 'glew32s.lib(glew.obj)' or at ''; linking object as if no debug info
  PhysPix Sandbox.vcxproj -> C:\Coding Projects\PhysPix Sandbox\bin\Release-Win32\PhysPix Sandbox\PhysPix Sandbox.exe
