c:\coding projects\physpix sandbox\bin-int\release-win32\physpix sandbox\vc142.pdb
c:\coding projects\physpix sandbox\bin-int\release-win32\physpix sandbox\testbatchrendering.obj
c:\coding projects\physpix sandbox\bin-int\release-win32\physpix sandbox\water.obj
c:\coding projects\physpix sandbox\bin-int\release-win32\physpix sandbox\empty.obj
c:\coding projects\physpix sandbox\bin-int\release-win32\physpix sandbox\cellgrid.obj
c:\coding projects\physpix sandbox\bin-int\release-win32\physpix sandbox\cell.obj
c:\coding projects\physpix sandbox\bin-int\release-win32\physpix sandbox\renderer.obj
c:\coding projects\physpix sandbox\bin-int\release-win32\physpix sandbox\indexbuffer.obj
c:\coding projects\physpix sandbox\bin-int\release-win32\physpix sandbox\application.obj
c:\coding projects\physpix sandbox\bin-int\release-win32\physpix sandbox\shader.obj
c:\coding projects\physpix sandbox\bin-int\release-win32\physpix sandbox\glcore.obj
c:\coding projects\physpix sandbox\bin-int\release-win32\physpix sandbox\batchrenderer.obj
c:\coding projects\physpix sandbox\bin-int\release-win32\physpix sandbox\boundary.obj
c:\coding projects\physpix sandbox\bin-int\release-win32\physpix sandbox\fluid.obj
c:\coding projects\physpix sandbox\bin-int\release-win32\physpix sandbox\powder.obj
c:\coding projects\physpix sandbox\bin-int\release-win32\physpix sandbox\sand.obj
c:\coding projects\physpix sandbox\bin-int\release-win32\physpix sandbox\poison.obj
c:\coding projects\physpix sandbox\bin-int\release-win32\physpix sandbox\lava.obj
c:\coding projects\physpix sandbox\bin-int\release-win32\physpix sandbox\flammable.obj
c:\coding projects\physpix sandbox\bin-int\release-win32\physpix sandbox\cellplacement.obj
c:\coding projects\physpix sandbox\bin-int\release-win32\physpix sandbox\smoke.obj
c:\coding projects\physpix sandbox\bin-int\release-win32\physpix sandbox\stone.obj
c:\coding projects\physpix sandbox\bin-int\release-win32\physpix sandbox\texture.obj
c:\coding projects\physpix sandbox\bin-int\release-win32\physpix sandbox\vertexarray.obj
c:\coding projects\physpix sandbox\bin-int\release-win32\physpix sandbox\vertexbuffer.obj
c:\coding projects\physpix sandbox\bin-int\release-win32\physpix sandbox\stb_image.obj
c:\coding projects\physpix sandbox\bin-int\release-win32\physpix sandbox\imgui_widgets.obj
c:\coding projects\physpix sandbox\bin-int\release-win32\physpix sandbox\imgui_tables.obj
c:\coding projects\physpix sandbox\bin-int\release-win32\physpix sandbox\imgui_impl_opengl3.obj
c:\coding projects\physpix sandbox\bin-int\release-win32\physpix sandbox\imgui_impl_glfw.obj
c:\coding projects\physpix sandbox\bin-int\release-win32\physpix sandbox\imgui_draw.obj
c:\coding projects\physpix sandbox\bin-int\release-win32\physpix sandbox\imgui_demo.obj
c:\coding projects\physpix sandbox\bin-int\release-win32\physpix sandbox\imgui.obj
c:\coding projects\physpix sandbox\bin-int\release-win32\physpix sandbox\glm.obj
c:\coding projects\physpix sandbox\bin-int\release-win32\physpix sandbox\testclearcolor.obj
c:\coding projects\physpix sandbox\bin-int\release-win32\physpix sandbox\testbouncingimage.obj
c:\coding projects\physpix sandbox\bin-int\release-win32\physpix sandbox\steam.obj
c:\coding projects\physpix sandbox\bin-int\release-win32\physpix sandbox\fire.obj
c:\coding projects\physpix sandbox\bin-int\release-win32\physpix sandbox\physpix.obj
c:\coding projects\physpix sandbox\bin-int\release-win32\physpix sandbox\oil.obj
c:\coding projects\physpix sandbox\bin\release-win32\physpix sandbox\physpix sandbox.ipdb
c:\coding projects\physpix sandbox\bin\release-win32\physpix sandbox\physpix sandbox.iobj
c:\coding projects\physpix sandbox\bin-int\release-win32\physpix sandbox\physpix sandbox.ipdb
c:\coding projects\physpix sandbox\bin-int\release-win32\physpix sandbox\physpix sandbox.iobj
c:\coding projects\physpix sandbox\bin\release-win32\physpix sandbox\physpix sandbox.pdb
c:\coding projects\physpix sandbox\bin-int\release-win32\physpix sandbox\physpix sandbox.tlog\cl.command.1.tlog
c:\coding projects\physpix sandbox\bin-int\release-win32\physpix sandbox\physpix sandbox.tlog\cl.read.1.tlog
c:\coding projects\physpix sandbox\bin-int\release-win32\physpix sandbox\physpix sandbox.tlog\cl.write.1.tlog
c:\coding projects\physpix sandbox\bin-int\release-win32\physpix sandbox\physpix sandbox.tlog\link.command.1.tlog
c:\coding projects\physpix sandbox\bin-int\release-win32\physpix sandbox\physpix sandbox.tlog\link.read.1.tlog
c:\coding projects\physpix sandbox\bin-int\release-win32\physpix sandbox\physpix sandbox.tlog\link.write.1.tlog
c:\coding projects\physpix sandbox\bin-int\release-win32\physpix sandbox\physpix sandbox.tlog\physpix sandbox.write.1u.tlog
