C:\Program Files (x86)\Microsoft Visual Studio\2019\Community\MSBuild\Microsoft\VC\v160\Microsoft.CppBuild.targets(476,5): warning MSB8004: Intermediate Directory does not end with a trailing slash.  This build instance will add the slash as it is required to allow proper evaluation of the Intermediate Directory.
C:\Program Files (x86)\Microsoft Visual Studio\2019\Community\MSBuild\Microsoft\VC\v160\Microsoft.CppBuild.targets(477,5): warning MSB8004: Output Directory does not end with a trailing slash.  This build instance will add the slash as it is required to allow proper evaluation of the Output Directory.
  Shader.cpp
C:\Coding Projects\PhysPix Sandbox\PhysPix Sandbox\src\Shader.h(6,10): fatal error C1083: Cannot open include file: 'glm/glm.hpp': No such file or directory
  Application.cpp
C:\Coding Projects\PhysPix Sandbox\PhysPix Sandbox\src\Application.cpp(1,10): fatal error C1083: Cannot open include file: 'GL/glew.h': No such file or directory
  IndexBuffer.cpp
C:\Coding Projects\PhysPix Sandbox\PhysPix Sandbox\src\Renderer.h(3,10): fatal error C1083: Cannot open include file: 'GL/glew.h': No such file or directory
  Renderer.cpp
C:\Coding Projects\PhysPix Sandbox\PhysPix Sandbox\src\Renderer.h(3,10): fatal error C1083: Cannot open include file: 'GL/glew.h': No such file or directory
  TestBatchRendering.cpp
C:\Coding Projects\PhysPix Sandbox\PhysPix Sandbox\src\tests\TestBatchRendering.h(5,10): fatal error C1083: Cannot open include file: 'VertexBuffer.h': No such file or directory
  TestBouncingImage.cpp
C:\Coding Projects\PhysPix Sandbox\PhysPix Sandbox\src\tests\TestBouncingImage.h(5,10): fatal error C1083: Cannot open include file: 'VertexBuffer.h': No such file or directory
  TestClearColor.cpp
C:\Coding Projects\PhysPix Sandbox\PhysPix Sandbox\src\tests\TestClearColor.cpp(3,10): fatal error C1083: Cannot open include file: 'Renderer.h': No such file or directory
  glm.cpp
C:\Coding Projects\PhysPix Sandbox\PhysPix Sandbox\src\vendor\glm\detail\glm.cpp(7,10): fatal error C1083: Cannot open include file: 'glm/gtx/dual_quaternion.hpp': No such file or directory
  imgui.cpp
  imgui_demo.cpp
  imgui_draw.cpp
  imgui_impl_glfw.cpp
C:\Coding Projects\PhysPix Sandbox\PhysPix Sandbox\src\vendor\imgui\imgui_impl_glfw.cpp(44,10): fatal error C1083: Cannot open include file: 'GLFW/glfw3.h': No such file or directory
  imgui_impl_opengl3.cpp
C:\Coding Projects\PhysPix Sandbox\PhysPix Sandbox\src\vendor\imgui\imgui_impl_opengl3.h(81,1): fatal error C1189: #error:  "Cannot detect OpenGL loader!"
  imgui_tables.cpp
  imgui_widgets.cpp
  stb_image.cpp
  VertexBuffer.cpp
C:\Coding Projects\PhysPix Sandbox\PhysPix Sandbox\src\Renderer.h(3,10): fatal error C1083: Cannot open include file: 'GL/glew.h': No such file or directory
  VertexArray.cpp
C:\Coding Projects\PhysPix Sandbox\PhysPix Sandbox\src\VertexBufferLayout.h(4,10): fatal error C1083: Cannot open include file: 'GL/glew.h': No such file or directory
  Texture.cpp
C:\Coding Projects\PhysPix Sandbox\PhysPix Sandbox\src\Renderer.h(3,10): fatal error C1083: Cannot open include file: 'GL/glew.h': No such file or directory
  Generating Code...
